<?xml version="1.0" encoding="UTF-8"?>
<!-- Generated by org.testng.reporters.JUnitReportReporter -->
<testsuite hostname="LAPTOP-TA35RDU6" failures="0" tests="1" name="com.webapp.test.amazon.AmazonSearchBarTest" time="19.881" errors="0" timestamp="2021-09-03T15:10:07 IST" skipped="0">
  <testcase classname="com.webapp.test.amazon.AmazonSearchBarTest" name="testAmazonSearchForMacBookPro" time="19.881"/>
  <system-out/>
</testsuite> <!-- com.webapp.test.amazon.AmazonSearchBarTest -->
