<?xml version="1.0" encoding="UTF-8"?>
<!-- Generated by org.testng.reporters.JUnitReportReporter -->
<testsuite hostname="LAPTOP-TA35RDU6" failures="0" tests="2" name="com.webapp.test.TestNGStandardAnnotationsTest" time="0.010" errors="0" timestamp="2021-09-03T15:10:07 IST" skipped="0">
  <testcase classname="com.webapp.test.TestNGStandardAnnotationsTest" name="testOne" time="0.004"/>
  <system-out/>
  <testcase classname="com.webapp.test.TestNGStandardAnnotationsTest" name="testTwo" time="0.006"/>
  <system-out/>
</testsuite> <!-- com.webapp.test.TestNGStandardAnnotationsTest -->
